2025-04-11 18:19:00,878 - INFO - Starting MealFlow database import
2025-04-11 18:19:00,878 - INFO - Importing recipes from RecipeDB_general.csv
2025-04-11 18:19:39,286 - INFO - Starting MealFlow database import
2025-04-11 18:19:39,286 - INFO - Importing ingredients from merged.csv
2025-04-11 18:19:43,605 - INFO - Processed 1000/19019 ingredients
2025-04-11 18:19:47,598 - INFO - Processed 2000/19019 ingredients
2025-04-11 18:19:51,524 - INFO - Processed 3000/19019 ingredients
2025-04-11 18:19:55,412 - INFO - Processed 4000/19019 ingredients
2025-04-11 18:39:38,627 - INFO - Starting MealFlow database import
2025-04-11 18:39:38,627 - INFO - MealFlow database import completed
2025-04-11 18:39:51,086 - INFO - Starting MealFlow database import
2025-04-11 18:39:51,086 - INFO - Importing ingredients from dataset2db/merged.csv
2025-04-11 18:39:51,086 - ERROR - Failed to import ingredients: [Errno 2] No such file or directory: 'dataset2db/merged.csv'
2025-04-11 18:39:51,087 - INFO - Importing recipes from dataset2db/RecipeDB_general.csv
2025-04-11 18:39:51,087 - ERROR - Failed to import recipes: [Errno 2] No such file or directory: 'dataset2db/RecipeDB_general.csv'
2025-04-11 18:39:51,087 - INFO - Importing ingredient phrases from dataset2db/RecipeDB_ingredient_phrase.csv
2025-04-11 18:39:51,087 - ERROR - Failed to import ingredient phrases: [Errno 2] No such file or directory: 'dataset2db/RecipeDB_ingredient_phrase.csv'
2025-04-11 18:39:51,087 - INFO - Importing recipe instructions from dataset2db/RecipeDB_instructions.json
2025-04-11 18:39:51,087 - ERROR - Failed to import recipe instructions: [Errno 2] No such file or directory: 'dataset2db/RecipeDB_instructions.json'
2025-04-11 18:39:51,087 - INFO - Importing ingredient flavors from dataset2db/RecipeDB_ingredient_flavor.csv
2025-04-11 18:39:51,087 - ERROR - Failed to import ingredient flavors: [Errno 2] No such file or directory: 'dataset2db/RecipeDB_ingredient_flavor.csv'
2025-04-11 18:39:51,087 - INFO - MealFlow database import completed
